<?xml version="1.0" encoding="UTF-8"?>
<!-- Generated by org.testng.reporters.JUnitReportReporter -->
<testsuite hostname="DESKTOP-UV9SVN8" failures="0" tests="7" name="com.AutomationScript.sample.AutomateCopWellness" time="24.239" errors="0" timestamp="2021-03-08T15:29:29 IST" skipped="0">
  <testcase classname="com.AutomationScript.sample.AutomateCopWellness" name="OpenBrowser" time="10.362"/>
  <system-out/>
  <testcase classname="com.AutomationScript.sample.AutomateCopWellness" name="provider" time="0.451"/>
  <system-out/>
  <testcase classname="com.AutomationScript.sample.AutomateCopWellness" name="copwell" time="0.830"/>
  <system-out/>
  <testcase classname="com.AutomationScript.sample.AutomateCopWellness" name="newwindow" time="0.072"/>
  <system-out/>
  <testcase classname="com.AutomationScript.sample.AutomateCopWellness" name="enterdetails" time="10.523"/>
  <system-out/>
  <testcase classname="com.AutomationScript.sample.AutomateCopWellness" name="alertBox" time="0.109"/>
  <system-out/>
  <testcase classname="com.AutomationScript.sample.AutomateCopWellness" name="close" time="1.892"/>
  <system-out/>
</testsuite> <!-- com.AutomationScript.sample.AutomateCopWellness -->
