<?xml version="1.0" encoding="UTF-8"?>
<!-- Generated by org.testng.reporters.JUnitReportReporter -->
<testsuite hostname="DESKTOP-UV9SVN8" failures="0" tests="4" name="com.AutomationScript.sample.Automatetopcities" time="27.643" errors="0" timestamp="2021-03-08T15:29:29 IST" skipped="0">
  <testcase classname="com.AutomationScript.sample.Automatetopcities" name="OpenBrowser" time="13.654"/>
  <system-out/>
  <testcase classname="com.AutomationScript.sample.Automatetopcities" name="diagnostic" time="8.559"/>
  <system-out/>
  <testcase classname="com.AutomationScript.sample.Automatetopcities" name="ListCities" time="1.931"/>
  <system-out/>
  <testcase classname="com.AutomationScript.sample.Automatetopcities" name="close" time="3.499"/>
  <system-out/>
</testsuite> <!-- com.AutomationScript.sample.Automatetopcities -->
