<?xml version="1.0" encoding="UTF-8"?>
<!-- Generated by org.testng.reporters.JUnitReportReporter -->
<testsuite hostname="DESKTOP-UV9SVN8" failures="0" tests="6" name="com.AutomationScript.sample.AutomateFindHospitals" time="54.794" errors="0" timestamp="2021-03-08T15:29:29 IST" skipped="0">
  <testcase classname="com.AutomationScript.sample.AutomateFindHospitals" name="OpenBrowser" time="18.120"/>
  <system-out/>
  <testcase classname="com.AutomationScript.sample.AutomateFindHospitals" name="SearchHospitals" time="15.772"/>
  <system-out/>
  <testcase classname="com.AutomationScript.sample.AutomateFindHospitals" name="Hospitalsopen" time="5.543"/>
  <system-out/>
  <testcase classname="com.AutomationScript.sample.AutomateFindHospitals" name="applyfilter" time="10.278"/>
  <system-out/>
  <testcase classname="com.AutomationScript.sample.AutomateFindHospitals" name="ListHospitals" time="2.021"/>
  <system-out/>
  <testcase classname="com.AutomationScript.sample.AutomateFindHospitals" name="close" time="3.060"/>
  <system-out/>
</testsuite> <!-- com.AutomationScript.sample.AutomateFindHospitals -->
